

times in msec
 clock   self+sourced   self:  sourced script
 clock   elapsed:              other lines

000.014  000.014: --- NVIM STARTING ---
000.173  000.159: event init
000.282  000.109: early init
000.366  000.085: locale set
000.434  000.067: init first window
000.865  000.432: inits 1
000.904  000.039: window checked
000.914  000.010: parsing arguments
001.606  000.063  000.063: require('vim.shared')
001.737  000.048  000.048: require('vim._options')
001.739  000.129  000.081: require('vim._editor')
001.741  000.250  000.058: require('vim._init_packages')
001.743  000.579: init lua interpreter
001.818  000.075: expanding arguments
001.857  000.039: inits 2
002.241  000.385: init highlight
002.243  000.002: waiting for UI
002.420  000.177: done waiting for UI
002.430  000.009: clear screen
002.611  000.181: init default mappings & autocommands
003.190  000.063  000.063: sourcing /snap/nvim/2819/usr/share/nvim/runtime/ftplugin.vim
003.260  000.037  000.037: sourcing /snap/nvim/2819/usr/share/nvim/runtime/indent.vim
003.400  000.057  000.057: require('globals')
003.426  000.024  000.024: require('autocmd')
004.141  000.591  000.591: require('lazy')
004.184  000.023  000.023: require('ffi')
004.229  000.042  000.042: require('vim.loader')
004.301  000.029  000.029: require('vim.fs')
004.441  000.188  000.159: require('lazy.stats')
004.608  000.145  000.145: require('lazy.core.util')
004.878  000.268  000.268: require('lazy.core.config')
005.051  000.067  000.067: require('lazy.core.handler')
005.151  000.098  000.098: require('lazy.core.plugin')
005.158  000.277  000.112: require('lazy.core.loader')
005.938  000.092  000.092: require('plugins')
006.071  000.074  000.074: require('plugins.autopairs')
006.225  000.133  000.133: require('plugins.colorscheme')
006.301  000.057  000.057: require('plugins.comment')
006.416  000.095  000.095: require('plugins.completion')
006.630  000.144  000.144: require('plugins.dap')
006.731  000.083  000.083: require('plugins.explorer')
006.844  000.090  000.090: require('plugins.fold')
007.128  000.258  000.258: require('plugins.fuzzy-finder')
007.333  000.151  000.151: require('plugins.git')
007.521  000.159  000.159: require('plugins.global-find-and-replace')
007.826  000.282  000.282: require('plugins.illuminate')
008.003  000.122  000.122: require('plugins.indent-guide')
008.171  000.138  000.138: require('plugins.lsp')
008.294  000.092  000.092: require('plugins.lua')
008.770  000.133  000.133: require('plugins.scrollbar')
009.045  000.069  000.069: require('plugins.start-screen')
009.322  000.114  000.114: require('plugins.statusline')
009.551  000.199  000.199: require('plugins.tree-sitter')
009.724  000.091  000.091: require('plugins.which-key')
010.310  000.075  000.075: require('lazy.core.handler.event')
010.316  000.166  000.091: require('lazy.core.handler.ft')
010.382  000.062  000.062: require('lazy.core.handler.cmd')
010.513  000.125  000.125: require('lazy.core.handler.keys')
010.660  000.009  000.009: require('vim.keymap')
010.875  000.089  000.089: require('vim.inspect')
013.458  000.406  000.406: sourcing /snap/nvim/2819/usr/share/nvim/runtime/filetype.lua
014.582  000.194  000.194: require('tokyonight.treesitter')
014.594  000.323  000.129: require('tokyonight.util')
015.436  000.465  000.465: require('tokyonight.colors')
015.452  000.856  000.391: require('tokyonight.theme')
015.908  000.454  000.454: require('tokyonight.config')
015.913  002.179  000.546: require('tokyonight')
019.174  000.010  000.010: require('vim.F')
019.339  000.566  000.556: require('vim.diagnostic')
020.063  000.135  000.135: require('vim.treesitter.language')
020.091  000.417  000.282: require('vim.treesitter.query')
020.229  000.132  000.132: require('vim.treesitter._range')
020.250  000.750  000.201: require('vim.treesitter.languagetree')
020.268  000.902  000.152: require('vim.treesitter')
020.470  000.195  000.195: require('vim.treesitter.highlighter')
022.671  005.724  004.060: sourcing /home/g/.local/share/nvim/lazy/tokyonight.nvim/colors/tokyonight-moon.lua
023.378  000.143  000.143: sourcing /home/g/.local/share/nvim/lazy/vim-lastplace/plugin/vim-lastplace.vim
023.900  000.181  000.181: sourcing /snap/nvim/2819/usr/share/nvim/runtime/plugin/editorconfig.lua
024.415  000.412  000.412: sourcing /snap/nvim/2819/usr/share/nvim/runtime/plugin/gzip.vim
024.519  000.021  000.021: sourcing /snap/nvim/2819/usr/share/nvim/runtime/plugin/health.vim
024.746  000.168  000.168: sourcing /snap/nvim/2819/usr/share/nvim/runtime/plugin/man.lua
025.762  000.495  000.495: sourcing /snap/nvim/2819/usr/share/nvim/runtime/pack/dist/opt/matchit/plugin/matchit.vim
025.919  001.109  000.614: sourcing /snap/nvim/2819/usr/share/nvim/runtime/plugin/matchit.vim
026.286  000.302  000.302: sourcing /snap/nvim/2819/usr/share/nvim/runtime/plugin/matchparen.vim
027.066  000.701  000.701: sourcing /snap/nvim/2819/usr/share/nvim/runtime/plugin/netrwPlugin.vim
027.334  000.112  000.112: sourcing /snap/nvim/2819/usr/share/nvim/runtime/plugin/nvim.lua
027.698  000.016  000.016: sourcing /home/g/.local/share/nvim/rplugin.vim
027.713  000.278  000.261: sourcing /snap/nvim/2819/usr/share/nvim/runtime/plugin/rplugin.vim
027.872  000.106  000.106: sourcing /snap/nvim/2819/usr/share/nvim/runtime/plugin/shada.vim
027.976  000.040  000.040: sourcing /snap/nvim/2819/usr/share/nvim/runtime/plugin/spellfile.vim
028.221  000.192  000.192: sourcing /snap/nvim/2819/usr/share/nvim/runtime/plugin/tarPlugin.vim
028.452  000.162  000.162: sourcing /snap/nvim/2819/usr/share/nvim/runtime/plugin/tohtml.vim
028.555  000.033  000.033: sourcing /snap/nvim/2819/usr/share/nvim/runtime/plugin/tutor.vim
028.872  000.265  000.265: sourcing /snap/nvim/2819/usr/share/nvim/runtime/plugin/zipPlugin.vim
029.110  025.682  008.588: require('plugin-manager')
029.798  000.683  000.683: require('keymaps')
030.042  000.238  000.238: require('options')
030.183  000.066  000.066: require('icons')
030.224  000.178  000.112: require('diagnostics')
030.227  026.906  000.045: sourcing /home/g/.config/nvim/init.lua
030.235  000.618: sourcing vimrc file(s)
030.549  000.086  000.086: sourcing /snap/nvim/2819/usr/share/nvim/runtime/filetype.lua
030.792  000.108  000.108: sourcing /snap/nvim/2819/usr/share/nvim/runtime/syntax/synload.vim
030.891  000.286  000.178: sourcing /snap/nvim/2819/usr/share/nvim/runtime/syntax/syntax.vim
030.910  000.303: inits 3
035.573  004.663: reading ShaDa
035.866  000.293: opening buffers
036.372  000.049  000.049: sourcing /home/g/.local/share/nvim/lazy/plenary.nvim/plugin/plenary.vim
036.542  000.077  000.077: sourcing /home/g/.local/share/nvim/lazy/gx.nvim/plugin/gx.lua
037.233  000.100  000.100: require('gx.helper')
037.245  000.630  000.530: require('gx')
037.534  000.912: BufEnter autocommands
037.540  000.006: editing files in windows
038.158  000.077  000.077: sourcing /home/g/.local/share/nvim/lazy/nvim-web-devicons/plugin/nvim-web-devicons.vim
039.379  001.139  001.139: require('alpha')
039.616  000.230  000.230: require('alpha.themes.startify')
040.560  000.125  000.125: require('project_nvim.config')
040.813  000.122  000.122: require('project_nvim.utils.path')
040.833  000.266  000.144: require('project_nvim.utils.history')
040.837  000.973  000.582: require('project_nvim')
041.119  000.150  000.150: require('project_nvim.utils.globtopattern')
041.401  000.226  000.226: require('project_nvim.project')
043.299  001.142  001.142: require('vim.lsp.log')
044.084  000.778  000.778: require('vim.lsp.protocol')
044.495  000.179  000.179: require('vim.lsp._snippet')
044.589  000.089  000.089: require('vim.highlight')
044.617  000.526  000.258: require('vim.lsp.util')
044.650  002.817  000.371: require('vim.lsp.handlers')
044.818  000.165  000.165: require('vim.lsp.rpc')
044.951  000.128  000.128: require('vim.lsp.sync')
045.115  000.160  000.160: require('vim.lsp.semantic_tokens')
045.307  000.187  000.187: require('vim.lsp.buf')
045.397  000.085  000.085: require('vim.lsp.diagnostic')
045.484  000.082  000.082: require('vim.lsp.codelens')
045.606  004.182  000.558: require('vim.lsp')
051.349  000.579  000.579: require('nvim-web-devicons')
057.537  012.441: VimEnter autocommands
059.627  002.089: UIEnter autocommands
060.211  000.422  000.422: sourcing /snap/nvim/2819/usr/share/nvim/runtime/autoload/provider/clipboard.vim
060.226  000.177: before starting main loop
061.121  000.896: first screen update
061.126  000.005: --- NVIM STARTED ---


times in msec
 clock   self+sourced   self:  sourced script
 clock   elapsed:              other lines

000.012  000.012: --- NVIM STARTING ---
000.171  000.159: event init
000.269  000.098: early init
000.325  000.056: locale set
000.375  000.050: init first window
000.693  000.318: inits 1
000.705  000.012: window checked
000.708  000.003: parsing arguments
001.233  000.064  000.064: require('vim.shared')
001.362  000.048  000.048: require('vim._options')
001.364  000.127  000.079: require('vim._editor')
001.366  000.245  000.053: require('vim._init_packages')
001.368  000.416: init lua interpreter
001.847  000.480: expanding arguments
001.902  000.054: inits 2
002.316  000.414: init highlight
